<?xml version="1.0" encoding="UTF-8"?>
<!-- Generated by org.testng.reporters.JUnitXMLReporter -->
<testsuite ignored="0" hostname="Gowris-MacBook-Air.local" failures="0" tests="4" name="Default test" time="50.093" errors="0" timestamp="2025-07-30T23:03:02 IST">
  <testcase classname="assessment.bookLog" name="bookSearch" time="11.528"/>
  <testcase classname="assessment.bookLog" name="studentForm" time="6.421"/>
  <testcase classname="assessment.bookLog" name="WebTableToExcel" time="10.966"/>
  <testcase classname="assessment.bookLog" name="DragAndDropExample" time="14.807"/>
</testsuite> <!-- Default test -->
