<?xml version="1.0" encoding="UTF-8"?>
<!-- Generated by org.testng.reporters.JUnitXMLReporter -->
<testsuite ignored="0" hostname="AIPL6374LT06477" failures="0" tests="4" name="Book Log" time="38.109" errors="0" timestamp="2024-10-01T02:12:47 IST">
  <testcase classname="assessment.bookLog" name="bookSearch" time="20.985"/>
  <testcase classname="assessment.bookLog" name="studentForm" time="26.302"/>
  <testcase classname="assessment.bookLog" name="WebTableToExcel" time="26.973"/>
  <testcase classname="assessment.bookLog" name="DragAndDropExample" time="26.873"/>
</testsuite> <!-- Book Log -->
