<?xml version="1.0" encoding="UTF-8"?>
<!-- Generated by org.testng.reporters.JUnitXMLReporter -->
<testsuite ignored="0" hostname="Gowris-MacBook-Air.local" failures="4" tests="4" name="Book Log Tests" time="16.911" errors="0" timestamp="2026-03-14T10:51:42 IST">
  <testcase classname="assessment.bookLog" name="studentForm" time="3.157">
    <failure type="java.lang.AssertionError" message="Test Three failed due to an unexpected error">
      <![CDATA[java.lang.AssertionError: Test Three failed due to an unexpected error
at assessment.bookLog.studentForm(bookLog.java:138)
at java.base/java.util.concurrent.Executors$RunnableAdapter.call(Executors.java:572)
at java.base/java.util.concurrent.FutureTask.run(FutureTask.java:317)
at java.base/java.util.concurrent.ThreadPoolExecutor.runWorker(ThreadPoolExecutor.java:1144)
at java.base/java.util.concurrent.ThreadPoolExecutor$Worker.run(ThreadPoolExecutor.java:642)
at java.base/java.lang.Thread.run(Thread.java:1583)
... Removed 12 stack frames]]>
    </failure>
  </testcase> <!-- studentForm -->
  <testcase classname="assessment.bookLog" name="bookSearch" time="3.043">
    <failure type="java.lang.AssertionError" message="Test Three failed due to an unexpected error">
      <![CDATA[java.lang.AssertionError: Test Three failed due to an unexpected error
at assessment.bookLog.bookSearch(bookLog.java:74)
at java.base/java.util.concurrent.Executors$RunnableAdapter.call(Executors.java:572)
at java.base/java.util.concurrent.FutureTask.run(FutureTask.java:317)
at java.base/java.util.concurrent.ThreadPoolExecutor.runWorker(ThreadPoolExecutor.java:1144)
at java.base/java.util.concurrent.ThreadPoolExecutor$Worker.run(ThreadPoolExecutor.java:642)
at java.base/java.lang.Thread.run(Thread.java:1583)
... Removed 12 stack frames]]>
    </failure>
  </testcase> <!-- bookSearch -->
  <testcase classname="assessment.bookLog" name="WebTableToExcel" time="7.31">
    <failure type="java.lang.AssertionError" message="Test Three failed due to an unexpected error">
      <![CDATA[java.lang.AssertionError: Test Three failed due to an unexpected error
at assessment.bookLog.WebTableToExcel(bookLog.java:187)
at java.base/java.util.concurrent.Executors$RunnableAdapter.call(Executors.java:572)
at java.base/java.util.concurrent.FutureTask.run(FutureTask.java:317)
at java.base/java.util.concurrent.ThreadPoolExecutor.runWorker(ThreadPoolExecutor.java:1144)
at java.base/java.util.concurrent.ThreadPoolExecutor$Worker.run(ThreadPoolExecutor.java:642)
at java.base/java.lang.Thread.run(Thread.java:1583)
... Removed 12 stack frames]]>
    </failure>
  </testcase> <!-- WebTableToExcel -->
  <testcase classname="assessment.bookLog" name="DragAndDropExample" time="10.5">
    <failure type="java.lang.AssertionError" message="Test Four failed due to an unexpected error">
      <![CDATA[java.lang.AssertionError: Test Four failed due to an unexpected error
at assessment.bookLog.DragAndDropExample(bookLog.java:229)
at java.base/java.util.concurrent.Executors$RunnableAdapter.call(Executors.java:572)
at java.base/java.util.concurrent.FutureTask.run(FutureTask.java:317)
at java.base/java.util.concurrent.ThreadPoolExecutor.runWorker(ThreadPoolExecutor.java:1144)
at java.base/java.util.concurrent.ThreadPoolExecutor$Worker.run(ThreadPoolExecutor.java:642)
at java.base/java.lang.Thread.run(Thread.java:1583)
... Removed 12 stack frames]]>
    </failure>
  </testcase> <!-- DragAndDropExample -->
</testsuite> <!-- Book Log Tests -->
