<?xml version="1.0" encoding="UTF-8"?>
<!-- Generated by org.testng.reporters.JUnitXMLReporter -->
<testsuite ignored="0" hostname="AIPL6374LT06477" failures="0" tests="4" name="Book Log Tests" time="39.607" errors="0" timestamp="2024-10-01T02:22:54 IST">
  <testcase classname="assessment.bookLog" name="bookSearch" time="20.094"/>
  <testcase classname="assessment.bookLog" name="studentForm" time="23.39"/>
  <testcase classname="assessment.bookLog" name="WebTableToExcel" time="25.469"/>
  <testcase classname="assessment.bookLog" name="DragAndDropExample" time="26.651"/>
</testsuite> <!-- Book Log Tests -->
