<?xml version="1.0" encoding="UTF-8"?>
<testng-results ignored="0" total="4" passed="4" failed="0" skipped="0">
  <reporter-output>
  </reporter-output>
  <suite started-at="2024-10-01T02:22:14 IST" name="Suite" finished-at="2024-10-01T02:22:54 IST" duration-ms="39607">
    <groups>
    </groups>
    <test started-at="2024-10-01T02:22:14 IST" name="Book Log Tests" finished-at="2024-10-01T02:22:54 IST" duration-ms="39607">
      <class name="assessment.bookLog">
        <test-method is-config="true" signature="setup()[pri:0, instance:assessment.bookLog@304bb45b]" started-at="2024-10-01T02:22:14 IST" name="setup" finished-at="2024-10-01T02:22:14 IST" duration-ms="371" status="PASS">
          <reporter-output>
          </reporter-output>
        </test-method> <!-- setup -->
        <test-method is-config="true" signature="setUp()[pri:0, instance:assessment.bookLog@304bb45b]" started-at="2024-10-01T02:22:14 IST" name="setUp" finished-at="2024-10-01T02:22:23 IST" duration-ms="8880" status="PASS">
          <reporter-output>
          </reporter-output>
        </test-method> <!-- setUp -->
        <test-method is-config="true" signature="setUp()[pri:0, instance:assessment.bookLog@304bb45b]" started-at="2024-10-01T02:22:14 IST" name="setUp" finished-at="2024-10-01T02:22:23 IST" duration-ms="8881" status="PASS">
          <reporter-output>
          </reporter-output>
        </test-method> <!-- setUp -->
        <test-method is-config="true" signature="setUp()[pri:0, instance:assessment.bookLog@304bb45b]" started-at="2024-10-01T02:22:14 IST" name="setUp" finished-at="2024-10-01T02:22:23 IST" duration-ms="8847" status="PASS">
          <reporter-output>
          </reporter-output>
        </test-method> <!-- setUp -->
        <test-method is-config="true" signature="setUp()[pri:0, instance:assessment.bookLog@304bb45b]" started-at="2024-10-01T02:22:14 IST" name="setUp" finished-at="2024-10-01T02:22:23 IST" duration-ms="8880" status="PASS">
          <reporter-output>
          </reporter-output>
        </test-method> <!-- setUp -->
        <test-method signature="WebTableToExcel()[pri:3, instance:assessment.bookLog@304bb45b]" started-at="2024-10-01T02:22:23 IST" name="WebTableToExcel" finished-at="2024-10-01T02:22:49 IST" duration-ms="25469" status="PASS">
          <reporter-output>
          </reporter-output>
        </test-method> <!-- WebTableToExcel -->
        <test-method signature="DragAndDropExample()[pri:4, instance:assessment.bookLog@304bb45b]" started-at="2024-10-01T02:22:23 IST" name="DragAndDropExample" finished-at="2024-10-01T02:22:50 IST" duration-ms="26651" status="PASS">
          <reporter-output>
          </reporter-output>
        </test-method> <!-- DragAndDropExample -->
        <test-method signature="bookSearch()[pri:1, instance:assessment.bookLog@304bb45b]" started-at="2024-10-01T02:22:23 IST" name="bookSearch" finished-at="2024-10-01T02:22:43 IST" duration-ms="20094" status="PASS">
          <reporter-output>
          </reporter-output>
        </test-method> <!-- bookSearch -->
        <test-method signature="studentForm()[pri:2, instance:assessment.bookLog@304bb45b]" started-at="2024-10-01T02:22:23 IST" name="studentForm" finished-at="2024-10-01T02:22:47 IST" duration-ms="23390" status="PASS">
          <reporter-output>
          </reporter-output>
        </test-method> <!-- studentForm -->
        <test-method is-config="true" signature="tearDown()[pri:0, instance:assessment.bookLog@304bb45b]" started-at="2024-10-01T02:22:43 IST" name="tearDown" finished-at="2024-10-01T02:22:46 IST" duration-ms="3114" status="PASS">
          <reporter-output>
          </reporter-output>
        </test-method> <!-- tearDown -->
        <test-method is-config="true" signature="tearDown()[pri:0, instance:assessment.bookLog@304bb45b]" started-at="2024-10-01T02:22:47 IST" name="tearDown" finished-at="2024-10-01T02:22:50 IST" duration-ms="2977" status="PASS">
          <reporter-output>
          </reporter-output>
        </test-method> <!-- tearDown -->
        <test-method is-config="true" signature="tearDown()[pri:0, instance:assessment.bookLog@304bb45b]" started-at="2024-10-01T02:22:49 IST" name="tearDown" finished-at="2024-10-01T02:22:52 IST" duration-ms="3238" status="PASS">
          <reporter-output>
          </reporter-output>
        </test-method> <!-- tearDown -->
        <test-method is-config="true" signature="tearDown()[pri:0, instance:assessment.bookLog@304bb45b]" started-at="2024-10-01T02:22:50 IST" name="tearDown" finished-at="2024-10-01T02:22:53 IST" duration-ms="3356" status="PASS">
          <reporter-output>
          </reporter-output>
        </test-method> <!-- tearDown -->
        <test-method is-config="true" signature="teardown()[pri:0, instance:assessment.bookLog@304bb45b]" started-at="2024-10-01T02:22:53 IST" name="teardown" finished-at="2024-10-01T02:22:54 IST" duration-ms="287" status="PASS">
          <reporter-output>
          </reporter-output>
        </test-method> <!-- teardown -->
      </class> <!-- assessment.bookLog -->
    </test> <!-- Book Log Tests -->
  </suite> <!-- Suite -->
</testng-results>
