<?xml version="1.0" encoding="UTF-8"?>
<testng-results ignored="0" total="4" passed="0" failed="4" skipped="0">
  <reporter-output>
  </reporter-output>
  <suite started-at="2026-03-14T10:51:26 IST" name="Suite" finished-at="2026-03-14T10:51:42 IST" duration-ms="16911">
    <groups>
    </groups>
    <test started-at="2026-03-14T10:51:26 IST" name="Book Log Tests" finished-at="2026-03-14T10:51:42 IST" duration-ms="16911">
      <class name="assessment.bookLog">
        <test-method is-config="true" signature="setup()[pri:0, instance:assessment.bookLog@1165b38]" started-at="2026-03-14T10:51:26 IST" name="setup" finished-at="2026-03-14T10:51:26 IST" duration-ms="87" status="PASS">
          <reporter-output>
          </reporter-output>
        </test-method> <!-- setup -->
        <test-method is-config="true" signature="setUp()[pri:0, instance:assessment.bookLog@1165b38]" started-at="2026-03-14T10:51:26 IST" name="setUp" finished-at="2026-03-14T10:51:32 IST" duration-ms="6185" status="PASS">
          <reporter-output>
          </reporter-output>
        </test-method> <!-- setUp -->
        <test-method is-config="true" signature="setUp()[pri:0, instance:assessment.bookLog@1165b38]" started-at="2026-03-14T10:51:26 IST" name="setUp" finished-at="2026-03-14T10:51:32 IST" duration-ms="6093" status="PASS">
          <reporter-output>
          </reporter-output>
        </test-method> <!-- setUp -->
        <test-method is-config="true" signature="setUp()[pri:0, instance:assessment.bookLog@1165b38]" started-at="2026-03-14T10:51:26 IST" name="setUp" finished-at="2026-03-14T10:51:32 IST" duration-ms="6288" status="PASS">
          <reporter-output>
          </reporter-output>
        </test-method> <!-- setUp -->
        <test-method is-config="true" signature="setUp()[pri:0, instance:assessment.bookLog@1165b38]" started-at="2026-03-14T10:51:26 IST" name="setUp" finished-at="2026-03-14T10:51:32 IST" duration-ms="6301" status="PASS">
          <reporter-output>
          </reporter-output>
        </test-method> <!-- setUp -->
        <test-method signature="DragAndDropExample()[pri:4, instance:assessment.bookLog@1165b38]" started-at="2026-03-14T10:51:32 IST" name="DragAndDropExample" finished-at="2026-03-14T10:51:42 IST" duration-ms="10500" status="FAIL">
          <exception class="java.lang.AssertionError">
            <message>
              <![CDATA[Test Four failed due to an unexpected error]]>
            </message>
            <full-stacktrace>
              <![CDATA[java.lang.AssertionError: Test Four failed due to an unexpected error
at org.testng.Assert.fail(Assert.java:111)
at assessment.bookLog.DragAndDropExample(bookLog.java:229)
at java.base/jdk.internal.reflect.DirectMethodHandleAccessor.invoke(DirectMethodHandleAccessor.java:103)
at java.base/java.lang.reflect.Method.invoke(Method.java:580)
at org.testng.internal.invokers.MethodInvocationHelper.invokeMethod(MethodInvocationHelper.java:141)
at org.testng.internal.invokers.TestInvoker.invokeMethod(TestInvoker.java:687)
at org.testng.internal.invokers.TestInvoker.invokeTestMethod(TestInvoker.java:230)
at org.testng.internal.invokers.MethodRunner.runInSequence(MethodRunner.java:63)
at org.testng.internal.invokers.TestInvoker$MethodInvocationAgent.invoke(TestInvoker.java:995)
at org.testng.internal.invokers.TestInvoker.invokeTestMethods(TestInvoker.java:203)
at org.testng.internal.invokers.TestMethodWorker.invokeTestMethods(TestMethodWorker.java:154)
at org.testng.internal.invokers.TestMethodWorker.run(TestMethodWorker.java:134)
at java.base/java.util.concurrent.Executors$RunnableAdapter.call(Executors.java:572)
at java.base/java.util.concurrent.FutureTask.run(FutureTask.java:317)
at org.testng.internal.thread.graph.TestNGFutureTask.run(TestNGFutureTask.java:22)
at java.base/java.util.concurrent.ThreadPoolExecutor.runWorker(ThreadPoolExecutor.java:1144)
at java.base/java.util.concurrent.ThreadPoolExecutor$Worker.run(ThreadPoolExecutor.java:642)
at java.base/java.lang.Thread.run(Thread.java:1583)
]]>
            </full-stacktrace>
          </exception> <!-- java.lang.AssertionError -->
          <reporter-output>
          </reporter-output>
        </test-method> <!-- DragAndDropExample -->
        <test-method signature="studentForm()[pri:2, instance:assessment.bookLog@1165b38]" started-at="2026-03-14T10:51:32 IST" name="studentForm" finished-at="2026-03-14T10:51:35 IST" duration-ms="3157" status="FAIL">
          <exception class="java.lang.AssertionError">
            <message>
              <![CDATA[Test Three failed due to an unexpected error]]>
            </message>
            <full-stacktrace>
              <![CDATA[java.lang.AssertionError: Test Three failed due to an unexpected error
at org.testng.Assert.fail(Assert.java:111)
at assessment.bookLog.studentForm(bookLog.java:138)
at java.base/jdk.internal.reflect.DirectMethodHandleAccessor.invoke(DirectMethodHandleAccessor.java:103)
at java.base/java.lang.reflect.Method.invoke(Method.java:580)
at org.testng.internal.invokers.MethodInvocationHelper.invokeMethod(MethodInvocationHelper.java:141)
at org.testng.internal.invokers.TestInvoker.invokeMethod(TestInvoker.java:687)
at org.testng.internal.invokers.TestInvoker.invokeTestMethod(TestInvoker.java:230)
at org.testng.internal.invokers.MethodRunner.runInSequence(MethodRunner.java:63)
at org.testng.internal.invokers.TestInvoker$MethodInvocationAgent.invoke(TestInvoker.java:995)
at org.testng.internal.invokers.TestInvoker.invokeTestMethods(TestInvoker.java:203)
at org.testng.internal.invokers.TestMethodWorker.invokeTestMethods(TestMethodWorker.java:154)
at org.testng.internal.invokers.TestMethodWorker.run(TestMethodWorker.java:134)
at java.base/java.util.concurrent.Executors$RunnableAdapter.call(Executors.java:572)
at java.base/java.util.concurrent.FutureTask.run(FutureTask.java:317)
at org.testng.internal.thread.graph.TestNGFutureTask.run(TestNGFutureTask.java:22)
at java.base/java.util.concurrent.ThreadPoolExecutor.runWorker(ThreadPoolExecutor.java:1144)
at java.base/java.util.concurrent.ThreadPoolExecutor$Worker.run(ThreadPoolExecutor.java:642)
at java.base/java.lang.Thread.run(Thread.java:1583)
]]>
            </full-stacktrace>
          </exception> <!-- java.lang.AssertionError -->
          <reporter-output>
          </reporter-output>
        </test-method> <!-- studentForm -->
        <test-method signature="WebTableToExcel()[pri:3, instance:assessment.bookLog@1165b38]" started-at="2026-03-14T10:51:32 IST" name="WebTableToExcel" finished-at="2026-03-14T10:51:39 IST" duration-ms="7310" status="FAIL">
          <exception class="java.lang.AssertionError">
            <message>
              <![CDATA[Test Three failed due to an unexpected error]]>
            </message>
            <full-stacktrace>
              <![CDATA[java.lang.AssertionError: Test Three failed due to an unexpected error
at org.testng.Assert.fail(Assert.java:111)
at assessment.bookLog.WebTableToExcel(bookLog.java:187)
at java.base/jdk.internal.reflect.DirectMethodHandleAccessor.invoke(DirectMethodHandleAccessor.java:103)
at java.base/java.lang.reflect.Method.invoke(Method.java:580)
at org.testng.internal.invokers.MethodInvocationHelper.invokeMethod(MethodInvocationHelper.java:141)
at org.testng.internal.invokers.TestInvoker.invokeMethod(TestInvoker.java:687)
at org.testng.internal.invokers.TestInvoker.invokeTestMethod(TestInvoker.java:230)
at org.testng.internal.invokers.MethodRunner.runInSequence(MethodRunner.java:63)
at org.testng.internal.invokers.TestInvoker$MethodInvocationAgent.invoke(TestInvoker.java:995)
at org.testng.internal.invokers.TestInvoker.invokeTestMethods(TestInvoker.java:203)
at org.testng.internal.invokers.TestMethodWorker.invokeTestMethods(TestMethodWorker.java:154)
at org.testng.internal.invokers.TestMethodWorker.run(TestMethodWorker.java:134)
at java.base/java.util.concurrent.Executors$RunnableAdapter.call(Executors.java:572)
at java.base/java.util.concurrent.FutureTask.run(FutureTask.java:317)
at org.testng.internal.thread.graph.TestNGFutureTask.run(TestNGFutureTask.java:22)
at java.base/java.util.concurrent.ThreadPoolExecutor.runWorker(ThreadPoolExecutor.java:1144)
at java.base/java.util.concurrent.ThreadPoolExecutor$Worker.run(ThreadPoolExecutor.java:642)
at java.base/java.lang.Thread.run(Thread.java:1583)
]]>
            </full-stacktrace>
          </exception> <!-- java.lang.AssertionError -->
          <reporter-output>
          </reporter-output>
        </test-method> <!-- WebTableToExcel -->
        <test-method signature="bookSearch()[pri:1, instance:assessment.bookLog@1165b38]" started-at="2026-03-14T10:51:32 IST" name="bookSearch" finished-at="2026-03-14T10:51:35 IST" duration-ms="3043" status="FAIL">
          <exception class="java.lang.AssertionError">
            <message>
              <![CDATA[Test Three failed due to an unexpected error]]>
            </message>
            <full-stacktrace>
              <![CDATA[java.lang.AssertionError: Test Three failed due to an unexpected error
at org.testng.Assert.fail(Assert.java:111)
at assessment.bookLog.bookSearch(bookLog.java:74)
at java.base/jdk.internal.reflect.DirectMethodHandleAccessor.invoke(DirectMethodHandleAccessor.java:103)
at java.base/java.lang.reflect.Method.invoke(Method.java:580)
at org.testng.internal.invokers.MethodInvocationHelper.invokeMethod(MethodInvocationHelper.java:141)
at org.testng.internal.invokers.TestInvoker.invokeMethod(TestInvoker.java:687)
at org.testng.internal.invokers.TestInvoker.invokeTestMethod(TestInvoker.java:230)
at org.testng.internal.invokers.MethodRunner.runInSequence(MethodRunner.java:63)
at org.testng.internal.invokers.TestInvoker$MethodInvocationAgent.invoke(TestInvoker.java:995)
at org.testng.internal.invokers.TestInvoker.invokeTestMethods(TestInvoker.java:203)
at org.testng.internal.invokers.TestMethodWorker.invokeTestMethods(TestMethodWorker.java:154)
at org.testng.internal.invokers.TestMethodWorker.run(TestMethodWorker.java:134)
at java.base/java.util.concurrent.Executors$RunnableAdapter.call(Executors.java:572)
at java.base/java.util.concurrent.FutureTask.run(FutureTask.java:317)
at org.testng.internal.thread.graph.TestNGFutureTask.run(TestNGFutureTask.java:22)
at java.base/java.util.concurrent.ThreadPoolExecutor.runWorker(ThreadPoolExecutor.java:1144)
at java.base/java.util.concurrent.ThreadPoolExecutor$Worker.run(ThreadPoolExecutor.java:642)
at java.base/java.lang.Thread.run(Thread.java:1583)
]]>
            </full-stacktrace>
          </exception> <!-- java.lang.AssertionError -->
          <reporter-output>
          </reporter-output>
        </test-method> <!-- bookSearch -->
        <test-method is-config="true" signature="tearDown()[pri:0, instance:assessment.bookLog@1165b38]" started-at="2026-03-14T10:51:35 IST" name="tearDown" finished-at="2026-03-14T10:51:36 IST" duration-ms="506" status="PASS">
          <reporter-output>
          </reporter-output>
        </test-method> <!-- tearDown -->
        <test-method is-config="true" signature="tearDown()[pri:0, instance:assessment.bookLog@1165b38]" started-at="2026-03-14T10:51:35 IST" name="tearDown" finished-at="2026-03-14T10:51:36 IST" duration-ms="500" status="PASS">
          <reporter-output>
          </reporter-output>
        </test-method> <!-- tearDown -->
        <test-method is-config="true" signature="tearDown()[pri:0, instance:assessment.bookLog@1165b38]" started-at="2026-03-14T10:51:39 IST" name="tearDown" finished-at="2026-03-14T10:51:39 IST" duration-ms="148" status="PASS">
          <reporter-output>
          </reporter-output>
        </test-method> <!-- tearDown -->
        <test-method is-config="true" signature="tearDown()[pri:0, instance:assessment.bookLog@1165b38]" started-at="2026-03-14T10:51:42 IST" name="tearDown" finished-at="2026-03-14T10:51:42 IST" duration-ms="103" status="PASS">
          <reporter-output>
          </reporter-output>
        </test-method> <!-- tearDown -->
        <test-method is-config="true" signature="teardown()[pri:0, instance:assessment.bookLog@1165b38]" started-at="2026-03-14T10:51:42 IST" name="teardown" finished-at="2026-03-14T10:51:42 IST" duration-ms="110" status="PASS">
          <reporter-output>
          </reporter-output>
        </test-method> <!-- teardown -->
      </class> <!-- assessment.bookLog -->
    </test> <!-- Book Log Tests -->
  </suite> <!-- Suite -->
</testng-results>
